<?xml version="1.0" encoding="UTF-8"?>
<!-- Generated by org.testng.reporters.JUnitReportReporter -->
<testsuite hostname="CYZ-BLR-DT24" failures="0" tests="3" name="com.goutham.test.NewTest" time="0.014" errors="0" timestamp="2023-01-06T18:54:07 IST" skipped="0">
  <testcase classname="com.goutham.test.NewTest" name="f2" time="0.001"/>
  <system-out/>
  <testcase classname="com.goutham.test.NewTest" name="f" time="0.011"/>
  <system-out/>
  <testcase classname="com.goutham.test.NewTest" name="f1" time="0.002"/>
  <system-out/>
</testsuite> <!-- com.goutham.test.NewTest -->
