<?xml version="1.0" encoding="UTF-8"?>
<!-- Generated by org.testng.reporters.JUnitReportReporter -->
<testsuite hostname="CYZ-BLR-DT24" failures="0" tests="1" name="NewTest" time="0.013" errors="0" timestamp="2023-01-06T17:54:34 IST" skipped="0">
  <testcase classname="NewTest" name="f" time="0.013"/>
  <system-out/>
</testsuite> <!-- NewTest -->
